---------
[BUILD] Building for target ... 
---------
Not searching for unused variables given on the command line.
-- [[36mcxxbasics[m][[32m✓[m] CMAKE_C_COMPILER(/usr/bin/gcc)'s linker is set to: GNU gold linker
-- [[36mcxxbasics[m][[32m✓[m] CMAKE_CXX_COMPILER(/usr/bin/g++)'s linker is set to: GNU gold linker
-- [[36mcxxbasics[m][[32m✓[m] Compiler cache tool "ccache" set for the C compiler
-- [[36mcxxbasics[m][[32m✓[m] Compiler cache tool "ccache" set for the CXX compiler
-- All files found by GLOB_RECURSE:
--            /home/saif/Desktop/Folders/University/OS/Project/include/dashboard/networks.h;/home/saif/Desktop/Folders/University/OS/Project/include/dashboard/systemInfo.h;/home/saif/Desktop/Folders/University/OS/Project/include/dashboard/usage.h;/home/saif/Desktop/Folders/University/OS/Project/include/mainwindow.h;/home/saif/Desktop/Folders/University/OS/Project/include/moc_predefs.h;/home/saif/Desktop/Folders/University/OS/Project/include/standardHeaders.h;/home/saif/Desktop/Folders/University/OS/Project/include/ui_mainwindow.h;/home/saif/Desktop/Folders/University/OS/Project/src/dashboard/networks.cpp;/home/saif/Desktop/Folders/University/OS/Project/src/dashboard/systemInfo.cpp;/home/saif/Desktop/Folders/University/OS/Project/src/dashboard/usage.cpp;/home/saif/Desktop/Folders/University/OS/Project/src/main.cpp;/home/saif/Desktop/Folders/University/OS/Project/src/mainwindow.cpp;/home/saif/Desktop/Folders/University/OS/Project/src/moc_mainwindow.cpp;/home/saif/Desktop/Folders/University/OS/Project/test/include/ExampleTest.hpp;/home/saif/Desktop/Folders/University/OS/Project/test/src/ExampleTest.cpp
-- [CMAKE] Found clang-format
-- [CMAKE] Found from clang-tidy
-- UI detected: interface/mainwindow.ui
-- RESOURCES detected: ./resources/qrcFiles/style.qrc
-- SOURCES detected: src/main.cpp;src/mainwindow.cpp;src/dashboard/networks.cpp;src/dashboard/usage.cpp;src/dashboard/systemInfo.cpp
-- HEADERS detected: include/mainwindow.h;include/ui_mainwindow.h;include/moc_predefs.h;include/dashboard/networks.h;include/dashboard/usage.h;include/dashboard/systemInfo.h
-- TS_FILES detected: ts_files/testing_with_cmake_en_001.ts
-- Configuring done
-- Generating done
-- Build files have been written to: /home/saif/Desktop/Folders/University/OS/Project/build

---------
[TEST] Running tests ... 
---------
[1/4] Automatic MOC and UIC for target Fizz
[2/4] Building CXX object CMakeFiles/Fizz.dir/Fizz_autogen/mocs_compilation.cpp.o
[3/4] Building CXX object CMakeFiles/Fizz.dir/src/mainwindow.cpp.o
../src/mainwindow.cpp: In member function ‘void MainWindow::on_centralwidget_customContextMenuRequested(const QPoint&)’:
../src/mainwindow.cpp:181:76: warning: unused parameter ‘pos’ [-Wunused-parameter]
  181 | void MainWindow::on_centralwidget_customContextMenuRequested(const QPoint &pos)
      |                                                              ~~~~~~~~~~~~~~^~~
[4/4] Linking CXX executable Fizz

---------
[DOC] Generating documentation ... 
---------
warning: Tag 'TCL_SUBST' at line 270 of file 'docs/Doxyfile' has become obsolete.
         To avoid this warning please remove this line from your configuration file or upgrade it using "doxygen -u"
/home/saif/Desktop/Folders/University/OS/Project/src/moc_mainwindow.cpp:24: warning: Compound qt_meta_stringdata_MainWindow_t is not documented.
/home/saif/Desktop/Folders/University/OS/Project/src/dashboard/networks.cpp:4: warning: documented symbol 'void Networks::testing_public' was not declared or defined.
/home/saif/Desktop/Folders/University/OS/Project/src/dashboard/systemInfo.cpp:13: warning: documented symbol 'systemInfo::systemInfo' was not declared or defined.
/home/saif/Desktop/Folders/University/OS/Project/src/dashboard/systemInfo.cpp:26: warning: documented symbol 'std::string systemInfo::getHostName' was not declared or defined.
/home/saif/Desktop/Folders/University/OS/Project/src/dashboard/systemInfo.cpp:29: warning: documented symbol 'std::string systemInfo::getPlatform' was not declared or defined.
/home/saif/Desktop/Folders/University/OS/Project/src/dashboard/systemInfo.cpp:32: warning: documented symbol 'std::string systemInfo::getDistribution' was not declared or defined.
/home/saif/Desktop/Folders/University/OS/Project/src/dashboard/systemInfo.cpp:35: warning: documented symbol 'kernelInfo systemInfo::getKernelInfo' was not declared or defined.
/home/saif/Desktop/Folders/University/OS/Project/src/dashboard/systemInfo.cpp:38: warning: documented symbol 'std::string systemInfo::getCPUModel' was not declared or defined.
/home/saif/Desktop/Folders/University/OS/Project/src/dashboard/systemInfo.cpp:41: warning: documented symbol 'int systemInfo::getCPUCores' was not declared or defined.
/home/saif/Desktop/Folders/University/OS/Project/src/dashboard/systemInfo.cpp:44: warning: documented symbol 'std::string systemInfo::getCPUSpeed' was not declared or defined.
/home/saif/Desktop/Folders/University/OS/Project/src/dashboard/systemInfo.cpp:47: warning: documented symbol 'void systemInfo::resolveHostName' was not declared or defined.
/home/saif/Desktop/Folders/University/OS/Project/src/dashboard/systemInfo.cpp:69: warning: documented symbol 'void systemInfo::resolvePlatform' was not declared or defined.
/home/saif/Desktop/Folders/University/OS/Project/src/dashboard/systemInfo.cpp:81: warning: documented symbol 'void systemInfo::resolveDistribution' was not declared or defined.
/home/saif/Desktop/Folders/University/OS/Project/src/dashboard/systemInfo.cpp:117: warning: documented symbol 'void systemInfo::resolveKernelInfo' was not declared or defined.
/home/saif/Desktop/Folders/University/OS/Project/src/dashboard/systemInfo.cpp:147: warning: documented symbol 'void systemInfo::resolveCPUModel' was not declared or defined.
/home/saif/Desktop/Folders/University/OS/Project/src/dashboard/systemInfo.cpp:171: warning: documented symbol 'void systemInfo::resolveCPUCores' was not declared or defined.
/home/saif/Desktop/Folders/University/OS/Project/src/dashboard/systemInfo.cpp:196: warning: documented symbol 'void systemInfo::resolveCPUSpeed' was not declared or defined.
/home/saif/Desktop/Folders/University/OS/Project/src/dashboard/systemInfo.cpp:222: warning: documented symbol 'void systemInfo::testing_public' was not declared or defined.
/home/saif/Desktop/Folders/University/OS/Project/src/dashboard/systemInfo.cpp:228: warning: documented symbol 'std::string systemInfo::getDataFromBuffer' was not declared or defined.
/home/saif/Desktop/Folders/University/OS/Project/src/dashboard/systemInfo.cpp:230: warning: documented symbol 'systemInfo::~systemInfo' was not declared or defined.
/home/saif/Desktop/Folders/University/OS/Project/src/dashboard/usage.cpp:4: warning: documented symbol 'void usage::testing_public' was not declared or defined.
/home/saif/Desktop/Folders/University/OS/Project/src/mainwindow.cpp:6: warning: documented symbol 'MainWindow::MainWindow' was not declared or defined.
/home/saif/Desktop/Folders/University/OS/Project/src/mainwindow.cpp:13: warning: documented symbol 'void MainWindow::setDefaultLook' was not declared or defined.
/home/saif/Desktop/Folders/University/OS/Project/src/mainwindow.cpp:37: warning: documented symbol 'void MainWindow::setDashboardContent' was not declared or defined.
/home/saif/Desktop/Folders/University/OS/Project/src/mainwindow.cpp:46: warning: documented symbol 'void MainWindow::setDashboardStyling' was not declared or defined.
/home/saif/Desktop/Folders/University/OS/Project/src/mainwindow.cpp:55: warning: documented symbol 'void MainWindow::setusage_MainFrameContent' was not declared or defined.
/home/saif/Desktop/Folders/University/OS/Project/src/mainwindow.cpp:71: warning: documented symbol 'void MainWindow::setusage_MainFrameStyling' was not declared or defined.
/home/saif/Desktop/Folders/University/OS/Project/src/mainwindow.cpp:76: warning: documented symbol 'void MainWindow::setsystemInfo_MainFrameContent' was not declared or defined.
/home/saif/Desktop/Folders/University/OS/Project/src/mainwindow.cpp:92: warning: documented symbol 'void MainWindow::setsystemInfo_MainFrameStyling' was not declared or defined.
/home/saif/Desktop/Folders/University/OS/Project/src/mainwindow.cpp:97: warning: documented symbol 'void MainWindow::setnetworking_MainFrameContent' was not declared or defined.
/home/saif/Desktop/Folders/University/OS/Project/src/mainwindow.cpp:113: warning: documented symbol 'void MainWindow::setnetworking_MainFrameStyling' was not declared or defined.
/home/saif/Desktop/Folders/University/OS/Project/src/mainwindow.cpp:122: warning: documented symbol 'void MainWindow::setServicesContent' was not declared or defined.
/home/saif/Desktop/Folders/University/OS/Project/src/mainwindow.cpp:127: warning: documented symbol 'void MainWindow::setServicesStyling' was not declared or defined.
/home/saif/Desktop/Folders/University/OS/Project/src/mainwindow.cpp:136: warning: documented symbol 'void MainWindow::setProcessesContent' was not declared or defined.
/home/saif/Desktop/Folders/University/OS/Project/src/mainwindow.cpp:141: warning: documented symbol 'void MainWindow::setProcessesStyling' was not declared or defined.
/home/saif/Desktop/Folders/University/OS/Project/src/mainwindow.cpp:150: warning: documented symbol 'void MainWindow::setGraphsContent' was not declared or defined.
/home/saif/Desktop/Folders/University/OS/Project/src/mainwindow.cpp:155: warning: documented symbol 'void MainWindow::setGraphsStyling' was not declared or defined.
/home/saif/Desktop/Folders/University/OS/Project/src/mainwindow.cpp:164: warning: documented symbol 'void MainWindow::setPackageContent' was not declared or defined.
/home/saif/Desktop/Folders/University/OS/Project/src/mainwindow.cpp:169: warning: documented symbol 'void MainWindow::setPackageStyling' was not declared or defined.
/home/saif/Desktop/Folders/University/OS/Project/src/mainwindow.cpp:175: warning: documented symbol 'MainWindow::~MainWindow' was not declared or defined.
/home/saif/Desktop/Folders/University/OS/Project/src/mainwindow.cpp:181: warning: documented symbol 'void MainWindow::on_centralwidget_customContextMenuRequested' was not declared or defined.
/home/saif/Desktop/Folders/University/OS/Project/src/moc_mainwindow.cpp:58: warning: documented symbol 'void MainWindow::qt_static_metacall' was not declared or defined.
/home/saif/Desktop/Folders/University/OS/Project/src/moc_mainwindow.cpp:66: warning: documented symbol 'QT_INIT_METAOBJECT const QMetaObject MainWindow::staticMetaObject' was not declared or defined.
/home/saif/Desktop/Folders/University/OS/Project/src/moc_mainwindow.cpp:76: warning: documented symbol 'const QMetaObject * MainWindow::metaObject' was not declared or defined.
/home/saif/Desktop/Folders/University/OS/Project/src/moc_mainwindow.cpp:81: warning: documented symbol 'void * MainWindow::qt_metacast' was not declared or defined.
/home/saif/Desktop/Folders/University/OS/Project/src/moc_mainwindow.cpp:89: warning: documented symbol 'int MainWindow::qt_metacall' was not declared or defined.
/home/saif/Desktop/Folders/University/OS/Project/src/moc_mainwindow.cpp:31: warning: Member data[1] (variable) of class qt_meta_stringdata_MainWindow_t is not documented.
/home/saif/Desktop/Folders/University/OS/Project/src/moc_mainwindow.cpp:32: warning: Member stringdata0[11] (variable) of class qt_meta_stringdata_MainWindow_t is not documented.
Doxygen version used: 1.8.18
Searching for include files...
Searching for example files...
Searching for images...
Searching for dot files...
Searching for msc files...
Searching for dia files...
Searching for files to exclude
Searching INPUT for files to process...
Searching for files in directory /home/saif/Desktop/Folders/University/OS/Project/src
Searching for files in directory /home/saif/Desktop/Folders/University/OS/Project/src/dashboard
Searching for files in directory /home/saif/Desktop/Folders/University/OS/Project/src/packages
Searching for files in directory /home/saif/Desktop/Folders/University/OS/Project/src/processes
Searching for files in directory /home/saif/Desktop/Folders/University/OS/Project/src/resources
Searching for files in directory /home/saif/Desktop/Folders/University/OS/Project/src/services
Reading and parsing tag files
Parsing files
Preprocessing /home/saif/Desktop/Folders/University/OS/Project/src/dashboard/networks.cpp...
Parsing file /home/saif/Desktop/Folders/University/OS/Project/src/dashboard/networks.cpp...
Preprocessing /home/saif/Desktop/Folders/University/OS/Project/src/dashboard/systemInfo.cpp...
Parsing file /home/saif/Desktop/Folders/University/OS/Project/src/dashboard/systemInfo.cpp...
Preprocessing /home/saif/Desktop/Folders/University/OS/Project/src/dashboard/usage.cpp...
Parsing file /home/saif/Desktop/Folders/University/OS/Project/src/dashboard/usage.cpp...
Preprocessing /home/saif/Desktop/Folders/University/OS/Project/src/main.cpp...
Parsing file /home/saif/Desktop/Folders/University/OS/Project/src/main.cpp...
Preprocessing /home/saif/Desktop/Folders/University/OS/Project/src/mainwindow.cpp...
Parsing file /home/saif/Desktop/Folders/University/OS/Project/src/mainwindow.cpp...
Preprocessing /home/saif/Desktop/Folders/University/OS/Project/src/moc_mainwindow.cpp...
Parsing file /home/saif/Desktop/Folders/University/OS/Project/src/moc_mainwindow.cpp...
Building group list...
Building directory list...
Building namespace list...
Building file list...
Building class list...
Computing nesting relations for classes...
Associating documentation with classes...
Building example list...
Searching for enumerations...
Searching for documented typedefs...
Searching for members imported via using declarations...
Searching for included using directives...
Searching for documented variables...
Building interface member list...
Building member list...
Searching for friends...
Searching for documented defines...
Computing class inheritance relations...
Computing class usage relations...
Flushing cached template relations that have become invalid...
Computing class relations...
Add enum values to enums...
Searching for member function documentation...
Creating members for template instances...
Building page list...
Search for main page...
Computing page relations...
Determining the scope of groups...
Sorting lists...
Determining which enums are documented
Computing member relations...
Building full member lists recursively...
Adding members to member groups.
Computing member references...
Inheriting documentation...
Generating disk names...
Adding source references...
Adding xrefitems...
Sorting member lists...
Setting anonymous enum type...
Computing dependencies between directories...
Generating citations page...
Counting members...
Counting data structures...
Resolving user defined references...
Finding anchors and sections in the documentation...
Transferring function references...
Combining using relations...
Adding members to index pages...
Correcting members for VHDL...
Generating style sheet...
Generating search indices...
Generating example documentation...
Generating file sources...
Generating file documentation...
Generating page documentation...
Generating group documentation...
Generating class documentation...
Generating docs for compound qt_meta_stringdata_MainWindow_t...
Generating namespace index...
Generating graph info page...
Generating directory documentation...
Generating index page...
Generating page index...
Generating module index...
Generating namespace index...
Generating namespace member index...
Generating annotated compound index...
Generating alphabetical compound index...
Generating hierarchical class index...
Generating member index...
Generating file index...
Generating file member index...
Generating example index...
finalizing index lists...
writing tag file...
Running plantuml with JAVA...
lookup cache used 0/65536 hits=0 misses=0
finished...

---------
[CPPCHECK] Running cppcheck ... 
---------
Checking misc/native_cpuid.cpp ...
1/13 files checked 0% done
Checking src/dashboard/networks.cpp ...
2/13 files checked 1% done
Checking src/dashboard/systemInfo.cpp ...
3/13 files checked 42% done
Checking src/dashboard/usage.cpp ...
4/13 files checked 43% done
Checking src/main.cpp ...
5/13 files checked 46% done
Checking src/mainwindow.cpp ...
6/13 files checked 70% done
Checking src/moc_mainwindow.cpp ...
7/13 files checked 88% done
Checking tasks/dashboard/src/dashboard.cpp ...
8/13 files checked 99% done
Checking tasks/packages/src/packages.cpp ...
9/13 files checked 99% done
Checking tasks/processes/src/processes.cpp ...
10/13 files checked 99% done
Checking tasks/resources/src/graphs.cpp ...
11/13 files checked 99% done
Checking tasks/services/src/services.cpp ...
12/13 files checked 99% done
Checking test/src/ExampleTest.cpp ...
13/13 files checked 100% done

---------
[RUN + VALGRIND] Running executable ... 
---------
==76327== Memcheck, a memory error detector
==76327== Copyright (C) 2002-2017, and GNU GPL'd, by Julian Seward et al.
==76327== Using Valgrind-3.16.0.GIT and LibVEX; rerun with -h for copyright info
==76327== Command: build/Fizz
==76327== 
Invalid Context= "Legacy" line for icon theme:  "/usr/share/icons/Adwaita/8x8/legacy/"
Invalid Context= "Legacy" line for icon theme:  "/usr/share/icons/Adwaita/16x16/legacy/"
Invalid Context= "UI" line for icon theme:  "/usr/share/icons/Adwaita/16x16/ui/"
Invalid Context= "Legacy" line for icon theme:  "/usr/share/icons/Adwaita/22x22/legacy/"
Invalid Context= "Legacy" line for icon theme:  "/usr/share/icons/Adwaita/24x24/legacy/"
Invalid Context= "UI" line for icon theme:  "/usr/share/icons/Adwaita/24x24/ui/"
Invalid Context= "Legacy" line for icon theme:  "/usr/share/icons/Adwaita/32x32/legacy/"
Invalid Context= "UI" line for icon theme:  "/usr/share/icons/Adwaita/32x32/ui/"
Invalid Context= "Legacy" line for icon theme:  "/usr/share/icons/Adwaita/48x48/legacy/"
Invalid Context= "UI" line for icon theme:  "/usr/share/icons/Adwaita/48x48/ui/"
Invalid Context= "Legacy" line for icon theme:  "/usr/share/icons/Adwaita/64x64/legacy/"
Invalid Context= "UI" line for icon theme:  "/usr/share/icons/Adwaita/64x64/ui/"
Invalid Context= "Legacy" line for icon theme:  "/usr/share/icons/Adwaita/96x96/legacy/"
Invalid Context= "UI" line for icon theme:  "/usr/share/icons/Adwaita/96x96/ui/"
Invalid Context= "Legacy" line for icon theme:  "/usr/share/icons/Adwaita/256x256/legacy/"
Invalid Context= "Legacy" line for icon theme:  "/usr/share/icons/Adwaita/512x512/legacy/"
Invalid Context= "Legacy" line for icon theme:  "/usr/share/icons/Adwaita/scalable/legacy/"
Invalid Context= "UI" line for icon theme:  "/usr/share/icons/Adwaita/scalable/ui/"
[SYSTEM_INFO.CPP] Hello, World!
[SYSTEM_INFO.CPP] Hello, world, from systemInfo.cpp -> constructor
archlinux
==76327== 
==76327== HEAP SUMMARY:
==76327==     in use at exit: 436,540 bytes in 7,318 blocks
==76327==   total heap usage: 129,144 allocs, 121,826 frees, 21,030,514 bytes allocated
==76327== 
==76327== LEAK SUMMARY:
==76327==    definitely lost: 0 bytes in 0 blocks
==76327==    indirectly lost: 0 bytes in 0 blocks
==76327==      possibly lost: 0 bytes in 0 blocks
==76327==    still reachable: 436,524 bytes in 7,317 blocks
==76327==         suppressed: 16 bytes in 1 blocks
==76327== Reachable blocks (those to which a pointer was found) are not shown.
==76327== To see them, rerun with: --leak-check=full --show-leak-kinds=all
==76327== 
==76327== For lists of detected and suppressed errors, rerun with: -s
==76327== ERROR SUMMARY: 0 errors from 0 contexts (suppressed: 0 from 0)
